# JRE version: Java(TM) SE Runtime Environment (8.0_144-b01) (build 1.8.0_144-b01)
# Java VM: Java HotSpot(TM) 64-Bit Server VM (25.144-b01 mixed mode windows-amd64 compressed oops)
Heap:
 PSYoungGen      total 38400K, used 1220K [0x00000000d5b80000, 0x00000000d8600000, 0x0000000100000000)
  eden space 33280K, 3% used [0x00000000d5b80000,0x00000000d5cb1318,0x00000000d7c00000)
  from space 5120K, 0% used [0x00000000d8100000,0x00000000d8100000,0x00000000d8600000)
  to   space 5120K, 1% used [0x00000000d7c00000,0x00000000d7c10000,0x00000000d8100000)
 ParOldGen       total 87552K, used 1243K [0x0000000081200000, 0x0000000086780000, 0x00000000d5b80000)
  object space 87552K, 1% used [0x0000000081200000,0x0000000081336f20,0x0000000086780000)
 Metaspace       used 7500K, capacity 7584K, committed 7808K, reserved 1056768K
  class space    used 819K, capacity 848K, committed 896K, reserved 1048576K
GC Heap History (8 events):
Event: 10.608 GC heap before
{Heap before GC invocations=1 (full 0):
 PSYoungGen      total 38400K, used 14062K [0x00000000d5b80000, 0x00000000d8600000, 0x0000000100000000)
  eden space 33280K, 42% used [0x00000000d5b80000,0x00000000d693b998,0x00000000d7c00000)
  from space 5120K, 0% used [0x00000000d8100000,0x00000000d8100000,0x00000000d8600000)
  to   space 5120K, 0% used [0x00000000d7c00000,0x00000000d7c00000,0x00000000d8100000)
 ParOldGen       total 87552K, used 0K [0x0000000081200000, 0x0000000086780000, 0x00000000d5b80000)
  object space 87552K, 0% used [0x0000000081200000,0x0000000081200000,0x0000000086780000)
 Metaspace       used 7366K, capacity 7520K, committed 7808K, reserved 1056768K
  class space    used 804K, capacity 848K, committed 896K, reserved 1048576K
Event: 10.631 GC heap after
Heap after GC invocations=1 (full 0):
 PSYoungGen      total 38400K, used 3030K [0x00000000d5b80000, 0x00000000d8600000, 0x0000000100000000)
  eden space 33280K, 0% used [0x00000000d5b80000,0x00000000d5b80000,0x00000000d7c00000)
  from space 5120K, 59% used [0x00000000d7c00000,0x00000000d7ef5990,0x00000000d8100000)
  to   space 5120K, 0% used [0x00000000d8100000,0x00000000d8100000,0x00000000d8600000)
 ParOldGen       total 87552K, used 72K [0x0000000081200000, 0x0000000086780000, 0x00000000d5b80000)
  object space 87552K, 0% used [0x0000000081200000,0x0000000081212010,0x0000000086780000)
 Metaspace       used 7366K, capacity 7520K, committed 7808K, reserved 1056768K
  class space    used 804K, capacity 848K, committed 896K, reserved 1048576K
}
Event: 10.631 GC heap before
{Heap before GC invocations=2 (full 1):
 PSYoungGen      total 38400K, used 3030K [0x00000000d5b80000, 0x00000000d8600000, 0x0000000100000000)
  eden space 33280K, 0% used [0x00000000d5b80000,0x00000000d5b80000,0x00000000d7c00000)
  from space 5120K, 59% used [0x00000000d7c00000,0x00000000d7ef5990,0x00000000d8100000)
  to   space 5120K, 0% used [0x00000000d8100000,0x00000000d8100000,0x00000000d8600000)
 ParOldGen       total 87552K, used 72K [0x0000000081200000, 0x0000000086780000, 0x00000000d5b80000)
  object space 87552K, 0% used [0x0000000081200000,0x0000000081212010,0x0000000086780000)
 Metaspace       used 7366K, capacity 7520K, committed 7808K, reserved 1056768K
  class space    used 804K, capacity 848K, committed 896K, reserved 1048576K
Event: 10.655 GC heap after
Heap after GC invocations=2 (full 1):
 PSYoungGen      total 38400K, used 0K [0x00000000d5b80000, 0x00000000d8600000, 0x0000000100000000)
  eden space 33280K, 0% used [0x00000000d5b80000,0x00000000d5b80000,0x00000000d7c00000)
  from space 5120K, 0% used [0x00000000d7c00000,0x00000000d7c00000,0x00000000d8100000)
  to   space 5120K, 0% used [0x00000000d8100000,0x00000000d8100000,0x00000000d8600000)
 ParOldGen       total 87552K, used 2851K [0x0000000081200000, 0x0000000086780000, 0x00000000d5b80000)
  object space 87552K, 3% used [0x0000000081200000,0x00000000814c8ce8,0x0000000086780000)
 Metaspace       used 7366K, capacity 7520K, committed 7808K, reserved 1056768K
  class space    used 804K, capacity 848K, committed 896K, reserved 1048576K
}
Event: 10.670 GC heap before
{Heap before GC invocations=3 (full 1):
 PSYoungGen      total 38400K, used 2330K [0x00000000d5b80000, 0x00000000d8600000, 0x0000000100000000)
  eden space 33280K, 7% used [0x00000000d5b80000,0x00000000d5dc69d8,0x00000000d7c00000)
  from space 5120K, 0% used [0x00000000d7c00000,0x00000000d7c00000,0x00000000d8100000)
  to   space 5120K, 0% used [0x00000000d8100000,0x00000000d8100000,0x00000000d8600000)
 ParOldGen       total 87552K, used 2851K [0x0000000081200000, 0x0000000086780000, 0x00000000d5b80000)
  object space 87552K, 3% used [0x0000000081200000,0x00000000814c8ce8,0x0000000086780000)
 Metaspace       used 7460K, capacity 7584K, committed 7808K, reserved 1056768K
  class space    used 813K, capacity 848K, committed 896K, reserved 1048576K
Event: 10.670 GC heap after
Heap after GC invocations=3 (full 1):
 PSYoungGen      total 38400K, used 224K [0x00000000d5b80000, 0x00000000d8600000, 0x0000000100000000)
  eden space 33280K, 0% used [0x00000000d5b80000,0x00000000d5b80000,0x00000000d7c00000)
  from space 5120K, 4% used [0x00000000d8100000,0x00000000d8138000,0x00000000d8600000)
  to   space 5120K, 0% used [0x00000000d7c00000,0x00000000d7c00000,0x00000000d8100000)
 ParOldGen       total 87552K, used 2851K [0x0000000081200000, 0x0000000086780000, 0x00000000d5b80000)
  object space 87552K, 3% used [0x0000000081200000,0x00000000814c8ce8,0x0000000086780000)
 Metaspace       used 7460K, capacity 7584K, committed 7808K, reserved 1056768K
  class space    used 813K, capacity 848K, committed 896K, reserved 1048576K
}
Event: 10.670 GC heap before
{Heap before GC invocations=4 (full 2):
 PSYoungGen      total 38400K, used 224K [0x00000000d5b80000, 0x00000000d8600000, 0x0000000100000000)
  eden space 33280K, 0% used [0x00000000d5b80000,0x00000000d5b80000,0x00000000d7c00000)
  from space 5120K, 4% used [0x00000000d8100000,0x00000000d8138000,0x00000000d8600000)
  to   space 5120K, 0% used [0x00000000d7c00000,0x00000000d7c00000,0x00000000d8100000)
 ParOldGen       total 87552K, used 2851K [0x0000000081200000, 0x0000000086780000, 0x00000000d5b80000)
  object space 87552K, 3% used [0x0000000081200000,0x00000000814c8ce8,0x0000000086780000)
 Metaspace       used 7460K, capacity 7584K, committed 7808K, reserved 1056768K
  class space    used 813K, capacity 848K, committed 896K, reserved 1048576K
Event: 10.681 GC heap after
Heap after GC invocations=4 (full 2):
 PSYoungGen      total 38400K, used 0K [0x00000000d5b80000, 0x00000000d8600000, 0x0000000100000000)
  eden space 33280K, 0% used [0x00000000d5b80000,0x00000000d5b80000,0x00000000d7c00000)
  from space 5120K, 0% used [0x00000000d8100000,0x00000000d8100000,0x00000000d8600000)
  to   space 5120K, 0% used [0x00000000d7c00000,0x00000000d7c00000,0x00000000d8100000)
 ParOldGen       total 87552K, used 1243K [0x0000000081200000, 0x0000000086780000, 0x00000000d5b80000)
  object space 87552K, 1% used [0x0000000081200000,0x0000000081336f20,0x0000000086780000)
 Metaspace       used 7460K, capacity 7584K, committed 7808K, reserved 1056768K
  class space    used 813K, capacity 848K, committed 896K, reserved 1048576K
}

